2019-10-11 15:54:37 [ThreadId 3] ERROR phoityne - load file fail.[C:/Users/user/Documents/Nauka/haskell/test/Spec.hs]
2019-10-11 15:54:37 [ThreadId 3] ERROR phoityne - startup load error. C:/Users/user/Documents/Nauka/haskell/test/Spec.hs

2019-10-11 15:55:09 [ThreadId 3] ERROR phoityne - load file fail.[C:/Users/user/Documents/Nauka/haskell/test/Spec.hs]
2019-10-11 15:55:09 [ThreadId 3] ERROR phoityne - startup load error. C:/Users/user/Documents/Nauka/haskell/test/Spec.hs

2019-10-11 15:55:26 [ThreadId 3] ERROR phoityne - load file fail.[C:/Users/user/Documents/Nauka/haskell/test/Spec.hs]
2019-10-11 15:55:26 [ThreadId 3] ERROR phoityne - startup load error. C:/Users/user/Documents/Nauka/haskell/test/Spec.hs

2019-10-20 11:15:37 [ThreadId 3] ERROR phoityne - load file fail.[C:/Users/user/Documents/Nauka/haskell/test/Spec.hs]
2019-10-20 11:15:37 [ThreadId 3] ERROR phoityne - startup load error. C:/Users/user/Documents/Nauka/haskell/test/Spec.hs

2019-10-20 11:15:45 [ThreadId 3] ERROR phoityne - load file fail.[C:/Users/user/Documents/Nauka/haskell/test/Spec.hs]
2019-10-20 11:15:45 [ThreadId 3] ERROR phoityne - startup load error. C:/Users/user/Documents/Nauka/haskell/test/Spec.hs

2019-10-20 11:20:33 [ThreadId 3] ERROR phoityne - load file fail.[C:/Users/user/Documents/Nauka/haskell/main.hs]
2019-10-20 11:20:33 [ThreadId 3] ERROR phoityne - startup load error. C:/Users/user/Documents/Nauka/haskell/main.hs

2019-10-20 12:32:35 [ThreadId 3] ERROR phoityne - [deleteBreakPointOnGHCi] invalid delete break point. BreakPointData {nameBreakPointData = "Main", srcPosBreakPointData = SourcePosition {filePathSourcePosition = "c:\\Users\\user\\Documents\\Nauka\\haskell\\Main.hs", startLineNoSourcePosition = 3, startColNoSourcePosition = -1, endLineNoSourcePosition = -1, endColNoSourcePosition = -1}, breakNoBreakPointData = Nothing, conditionBreakPointData = Nothing, hitConditionBreakPointData = Nothing, hitCountBreakPointData = 0}
2019-10-20 12:32:40 [ThreadId 3] ERROR phoityne - "\"extractSourcePosition\" (line 2, column 6):\nunexpected end of input\nexpecting \"Stopped at \" or \"Stopped in \" [INPUT]asd\nH>>= "
2019-10-20 12:32:54 [ThreadId 3] ERROR phoityne - "\"extractSourcePosition\" (line 2, column 6):\nunexpected end of input\nexpecting \"Stopped at \" or \"Stopped in \" [INPUT]asd\nH>>= "
2019-10-20 12:33:47 [ThreadId 3] ERROR phoityne - "error: Variable not in scope: i"
2019-10-20 12:33:50 [ThreadId 3] ERROR phoityne - "error: Variable not in scope: i"
2019-10-20 12:35:09 [ThreadId 3] ERROR phoityne - "\"extractSourcePosition\" (line 2, column 6):\nunexpected end of input\nexpecting \"Stopped at \" or \"Stopped in \" [INPUT]asd\nH>>= "
2019-10-20 12:35:14 [ThreadId 3] ERROR phoityne - "error: Variable not in scope: i"
2019-10-20 12:35:24 [ThreadId 3] ERROR phoityne - [deleteBreakPointOnGHCi] invalid delete break point. BreakPointData {nameBreakPointData = "Index", srcPosBreakPointData = SourcePosition {filePathSourcePosition = "c:\\Users\\user\\Documents\\Nauka\\haskell\\Index.hs", startLineNoSourcePosition = 7, startColNoSourcePosition = -1, endLineNoSourcePosition = -1, endColNoSourcePosition = -1}, breakNoBreakPointData = Nothing, conditionBreakPointData = Nothing, hitConditionBreakPointData = Nothing, hitCountBreakPointData = 0}
2019-10-20 12:35:25 [ThreadId 3] ERROR phoityne - [deleteBreakPointOnGHCi] invalid delete break point. BreakPointData {nameBreakPointData = "Index", srcPosBreakPointData = SourcePosition {filePathSourcePosition = "c:\\Users\\user\\Documents\\Nauka\\haskell\\Index.hs", startLineNoSourcePosition = 7, startColNoSourcePosition = -1, endLineNoSourcePosition = -1, endColNoSourcePosition = -1}, breakNoBreakPointData = Nothing, conditionBreakPointData = Nothing, hitConditionBreakPointData = Nothing, hitCountBreakPointData = 0}
2019-10-20 12:35:25 [ThreadId 3] ERROR phoityne - [deleteBreakPointOnGHCi] invalid delete break point. BreakPointData {nameBreakPointData = "Index", srcPosBreakPointData = SourcePosition {filePathSourcePosition = "c:\\Users\\user\\Documents\\Nauka\\haskell\\Index.hs", startLineNoSourcePosition = 6, startColNoSourcePosition = -1, endLineNoSourcePosition = -1, endColNoSourcePosition = -1}, breakNoBreakPointData = Nothing, conditionBreakPointData = Nothing, hitConditionBreakPointData = Nothing, hitCountBreakPointData = 0}
2019-10-20 12:35:25 [ThreadId 3] ERROR phoityne - [deleteBreakPointOnGHCi] invalid delete break point. BreakPointData {nameBreakPointData = "Index", srcPosBreakPointData = SourcePosition {filePathSourcePosition = "c:\\Users\\user\\Documents\\Nauka\\haskell\\Index.hs", startLineNoSourcePosition = 7, startColNoSourcePosition = -1, endLineNoSourcePosition = -1, endColNoSourcePosition = -1}, breakNoBreakPointData = Nothing, conditionBreakPointData = Nothing, hitConditionBreakPointData = Nothing, hitCountBreakPointData = 0}
2019-10-20 12:35:26 [ThreadId 3] ERROR phoityne - [deleteBreakPointOnGHCi] invalid delete break point. BreakPointData {nameBreakPointData = "Index", srcPosBreakPointData = SourcePosition {filePathSourcePosition = "c:\\Users\\user\\Documents\\Nauka\\haskell\\Index.hs", startLineNoSourcePosition = 5, startColNoSourcePosition = -1, endLineNoSourcePosition = -1, endColNoSourcePosition = -1}, breakNoBreakPointData = Nothing, conditionBreakPointData = Nothing, hitConditionBreakPointData = Nothing, hitCountBreakPointData = 0}
2019-10-20 12:35:26 [ThreadId 3] ERROR phoityne - [deleteBreakPointOnGHCi] invalid delete break point. BreakPointData {nameBreakPointData = "Index", srcPosBreakPointData = SourcePosition {filePathSourcePosition = "c:\\Users\\user\\Documents\\Nauka\\haskell\\Index.hs", startLineNoSourcePosition = 6, startColNoSourcePosition = -1, endLineNoSourcePosition = -1, endColNoSourcePosition = -1}, breakNoBreakPointData = Nothing, conditionBreakPointData = Nothing, hitConditionBreakPointData = Nothing, hitCountBreakPointData = 0}
2019-10-20 12:35:26 [ThreadId 3] ERROR phoityne - [deleteBreakPointOnGHCi] invalid delete break point. BreakPointData {nameBreakPointData = "Index", srcPosBreakPointData = SourcePosition {filePathSourcePosition = "c:\\Users\\user\\Documents\\Nauka\\haskell\\Index.hs", startLineNoSourcePosition = 7, startColNoSourcePosition = -1, endLineNoSourcePosition = -1, endColNoSourcePosition = -1}, breakNoBreakPointData = Nothing, conditionBreakPointData = Nothing, hitConditionBreakPointData = Nothing, hitCountBreakPointData = 0}
2019-10-20 12:35:26 [ThreadId 3] ERROR phoityne - [deleteBreakPointOnGHCi] invalid delete break point. BreakPointData {nameBreakPointData = "Index", srcPosBreakPointData = SourcePosition {filePathSourcePosition = "c:\\Users\\user\\Documents\\Nauka\\haskell\\Index.hs", startLineNoSourcePosition = 4, startColNoSourcePosition = -1, endLineNoSourcePosition = -1, endColNoSourcePosition = -1}, breakNoBreakPointData = Nothing, conditionBreakPointData = Nothing, hitConditionBreakPointData = Nothing, hitCountBreakPointData = 0}
2019-10-20 12:35:26 [ThreadId 3] ERROR phoityne - [deleteBreakPointOnGHCi] invalid delete break point. BreakPointData {nameBreakPointData = "Index", srcPosBreakPointData = SourcePosition {filePathSourcePosition = "c:\\Users\\user\\Documents\\Nauka\\haskell\\Index.hs", startLineNoSourcePosition = 5, startColNoSourcePosition = -1, endLineNoSourcePosition = -1, endColNoSourcePosition = -1}, breakNoBreakPointData = Nothing, conditionBreakPointData = Nothing, hitConditionBreakPointData = Nothing, hitCountBreakPointData = 0}
2019-10-20 12:35:26 [ThreadId 3] ERROR phoityne - [deleteBreakPointOnGHCi] invalid delete break point. BreakPointData {nameBreakPointData = "Index", srcPosBreakPointData = SourcePosition {filePathSourcePosition = "c:\\Users\\user\\Documents\\Nauka\\haskell\\Index.hs", startLineNoSourcePosition = 6, startColNoSourcePosition = -1, endLineNoSourcePosition = -1, endColNoSourcePosition = -1}, breakNoBreakPointData = Nothing, conditionBreakPointData = Nothing, hitConditionBreakPointData = Nothing, hitCountBreakPointData = 0}
2019-10-20 12:35:26 [ThreadId 3] ERROR phoityne - [deleteBreakPointOnGHCi] invalid delete break point. BreakPointData {nameBreakPointData = "Index", srcPosBreakPointData = SourcePosition {filePathSourcePosition = "c:\\Users\\user\\Documents\\Nauka\\haskell\\Index.hs", startLineNoSourcePosition = 7, startColNoSourcePosition = -1, endLineNoSourcePosition = -1, endColNoSourcePosition = -1}, breakNoBreakPointData = Nothing, conditionBreakPointData = Nothing, hitConditionBreakPointData = Nothing, hitCountBreakPointData = 0}
2019-10-20 12:35:26 [ThreadId 3] ERROR phoityne - [deleteBreakPointOnGHCi] invalid delete break point. BreakPointData {nameBreakPointData = "Index", srcPosBreakPointData = SourcePosition {filePathSourcePosition = "c:\\Users\\user\\Documents\\Nauka\\haskell\\Index.hs", startLineNoSourcePosition = 2, startColNoSourcePosition = -1, endLineNoSourcePosition = -1, endColNoSourcePosition = -1}, breakNoBreakPointData = Nothing, conditionBreakPointData = Nothing, hitConditionBreakPointData = Nothing, hitCountBreakPointData = 0}
2019-10-20 12:35:26 [ThreadId 3] ERROR phoityne - [deleteBreakPointOnGHCi] invalid delete break point. BreakPointData {nameBreakPointData = "Index", srcPosBreakPointData = SourcePosition {filePathSourcePosition = "c:\\Users\\user\\Documents\\Nauka\\haskell\\Index.hs", startLineNoSourcePosition = 3, startColNoSourcePosition = -1, endLineNoSourcePosition = -1, endColNoSourcePosition = -1}, breakNoBreakPointData = Nothing, conditionBreakPointData = Nothing, hitConditionBreakPointData = Nothing, hitCountBreakPointData = 0}
2019-10-20 12:35:26 [ThreadId 3] ERROR phoityne - [deleteBreakPointOnGHCi] invalid delete break point. BreakPointData {nameBreakPointData = "Index", srcPosBreakPointData = SourcePosition {filePathSourcePosition = "c:\\Users\\user\\Documents\\Nauka\\haskell\\Index.hs", startLineNoSourcePosition = 4, startColNoSourcePosition = -1, endLineNoSourcePosition = -1, endColNoSourcePosition = -1}, breakNoBreakPointData = Nothing, conditionBreakPointData = Nothing, hitConditionBreakPointData = Nothing, hitCountBreakPointData = 0}
2019-10-20 12:35:26 [ThreadId 3] ERROR phoityne - [deleteBreakPointOnGHCi] invalid delete break point. BreakPointData {nameBreakPointData = "Index", srcPosBreakPointData = SourcePosition {filePathSourcePosition = "c:\\Users\\user\\Documents\\Nauka\\haskell\\Index.hs", startLineNoSourcePosition = 5, startColNoSourcePosition = -1, endLineNoSourcePosition = -1, endColNoSourcePosition = -1}, breakNoBreakPointData = Nothing, conditionBreakPointData = Nothing, hitConditionBreakPointData = Nothing, hitCountBreakPointData = 0}
2019-10-20 12:35:26 [ThreadId 3] ERROR phoityne - [deleteBreakPointOnGHCi] invalid delete break point. BreakPointData {nameBreakPointData = "Index", srcPosBreakPointData = SourcePosition {filePathSourcePosition = "c:\\Users\\user\\Documents\\Nauka\\haskell\\Index.hs", startLineNoSourcePosition = 6, startColNoSourcePosition = -1, endLineNoSourcePosition = -1, endColNoSourcePosition = -1}, breakNoBreakPointData = Nothing, conditionBreakPointData = Nothing, hitConditionBreakPointData = Nothing, hitCountBreakPointData = 0}
2019-10-20 12:35:26 [ThreadId 3] ERROR phoityne - [deleteBreakPointOnGHCi] invalid delete break point. BreakPointData {nameBreakPointData = "Index", srcPosBreakPointData = SourcePosition {filePathSourcePosition = "c:\\Users\\user\\Documents\\Nauka\\haskell\\Index.hs", startLineNoSourcePosition = 7, startColNoSourcePosition = -1, endLineNoSourcePosition = -1, endColNoSourcePosition = -1}, breakNoBreakPointData = Nothing, conditionBreakPointData = Nothing, hitConditionBreakPointData = Nothing, hitCountBreakPointData = 0}
2019-10-20 12:35:28 [ThreadId 3] ERROR phoityne - "error: Variable not in scope: i"
2019-10-20 12:35:28 [ThreadId 3] ERROR phoityne - "\"extractSourcePosition\" (line 2, column 6):\nunexpected end of input\nexpecting \"Stopped at \" or \"Stopped in \" [INPUT]asd\nH>>= "
2019-10-20 12:35:47 [ThreadId 3] ERROR phoityne - "error: Variable not in scope: i"
2019-10-20 12:35:49 [ThreadId 3] ERROR phoityne - "error: Variable not in scope: i"
2019-10-20 12:35:49 [ThreadId 3] ERROR phoityne - "error: Variable not in scope: i"
2019-10-20 12:35:52 [ThreadId 3] ERROR phoityne - "\"extractSourcePosition\" (line 4, column 6):\nunexpected end of input\nexpecting \"Stopped at \" or \"Stopped in \" [INPUT]*** Exception: n is greater than 0\nCallStack (from HasCallStack):\n  error, called at .\\Index.hs:6:17 in main:Index\nH>>= "
